<?xml version="1.0" encoding="UTF-8"?>
<!-- Generated by org.testng.reporters.JUnitReportReporter -->
<testsuite hostname="Sathaga" name="com.mk.tests.PostRequestTest" tests="2" failures="0" timestamp="1 May 2022 06:47:20 GMT" time="9.763" errors="0">
  <testcase name="reqresPostCall" time="2.174" classname="com.mk.tests.PostRequestTest"/>
  <testcase name="reqresPostCall" time="7.589" classname="com.mk.tests.PostRequestTest"/>
</testsuite> <!-- com.mk.tests.PostRequestTest -->
