<?xml version="1.0" encoding="UTF-8"?>
<!-- Generated by org.testng.reporters.JUnitReportReporter -->
<testsuite hostname="Sathaga" name="com.mk.mytests.PostRequestTest" tests="2" failures="0" timestamp="30 Apr 2022 18:05:30 GMT" time="10.386" errors="0">
  <testcase name="ReqresPostCall" time="8.388" classname="com.mk.mytests.PostRequestTest"/>
  <testcase name="ReqresPostCall" time="1.998" classname="com.mk.mytests.PostRequestTest"/>
</testsuite> <!-- com.mk.mytests.PostRequestTest -->
