<?xml version="1.0" encoding="UTF-8"?>
<!-- Generated by org.testng.reporters.JUnitReportReporter -->
<testsuite skipped="0" hostname="Sathaga" name="com.mk.tests.PostRequestTest" tests="2" failures="0" timestamp="2022-05-01T19:53:09 IST" time="8.514" errors="0">
  <testcase name="reqresPostCall" time="1.982" classname="com.mk.tests.PostRequestTest"/>
  <system-out/>
  <testcase name="reqresPostCall" time="6.532" classname="com.mk.tests.PostRequestTest"/>
  <system-out/>
</testsuite> <!-- com.mk.tests.PostRequestTest -->
